[2025-09-22 15:40:15] ================================================== НОВАЯ ОПЕРАЦИЯ ==================================================
[2025-09-22 15:40:15] Operation ID: 23c2744e-9798-11f0-bd9a-5c628b9f129b
[2025-09-22 15:40:15] Статус: create
[2025-09-22 15:40:15] ЗАПРОС:
[2025-09-22 15:40:15] {}
[2025-09-22 15:40:15] ОТВЕТ:
[2025-09-22 15:40:15] {
[2025-09-22 15:40:15]   "operationId": "23c2744e-9798-11f0-bd9a-5c628b9f129b",
[2025-09-22 15:40:15]   "operationData": {
[2025-09-22 15:40:15]     "txnAccount": 15097,
[2025-09-22 15:40:15]     "debitAccountCcy": "RUB",
[2025-09-22 15:40:15]     "recipientFirstName": "LU",
[2025-09-22 15:40:15]     "recipientLastName": "DZHANG",
[2025-09-22 15:40:15]     "recipientCountryCode": "KAZ",
[2025-09-22 15:40:15]     "recipientCountryName": {
[2025-09-22 15:40:15]       "ru": "КАЗАХСТАН",
[2025-09-22 15:40:15]       "kg": "КАЗАХСТАН",
[2025-09-22 15:40:15]       "default": "КАЗАХСТАН",
[2025-09-22 15:40:15]       "eng": "KAZAKHSTAN"
[2025-09-22 15:40:15]     },
[2025-09-22 15:40:15]     "txnCcy": "RUB",
[2025-09-22 15:40:15]     "txnAmount": "500",
[2025-09-22 15:40:15]     "commission": "100",
[2025-09-22 15:40:15]     "commissionLcy": "",
[2025-09-22 15:40:15]     "exchangeRate": "",
[2025-09-22 15:40:15]     "exchangeRateCcy": "",
[2025-09-22 15:40:15]     "txnAmountTotal": "600",
[2025-09-22 15:40:15]     "txnAmountTotalLcy": ""
[2025-09-22 15:40:15]   },
[2025-09-22 15:40:15]   "needsOtp": true
[2025-09-22 15:40:15] }
[2025-09-22 15:40:15] ========================================================================================================================

[2025-09-22 15:40:18] ================================================== НОВАЯ ОПЕРАЦИЯ ==================================================
[2025-09-22 15:40:18] Operation ID: 23c2744e-9798-11f0-bd9a-5c628b9f129b
[2025-09-22 15:40:18] Статус: confirm
[2025-09-22 15:40:18] ЗАПРОС:
[2025-09-22 15:40:18] {
[2025-09-22 15:40:18]   "operationId": "23c2744e-9798-11f0-bd9a-5c628b9f129b",
[2025-09-22 15:40:18]   "otp": "111111"
[2025-09-22 15:40:18] }
[2025-09-22 15:40:18] ОТВЕТ:
[2025-09-22 15:40:18] {
[2025-09-22 15:40:18]   "txnId": 3797941,
[2025-09-22 15:40:18]   "txnCode": "CURRENT_MONEY_TRANSFER_EXCN",
[2025-09-22 15:40:18]   "connector": "ASTRASEND_OUT"
[2025-09-22 15:40:18] }
[2025-09-22 15:40:18] ========================================================================================================================

[2025-09-22 15:40:45] ================================================== НОВАЯ ОПЕРАЦИЯ ==================================================
[2025-09-22 15:40:45] Operation ID: 354209e0-9798-11f0-960f-5c628b9f129b
[2025-09-22 15:40:45] Статус: create
[2025-09-22 15:40:45] ЗАПРОС:
[2025-09-22 15:40:45] {}
[2025-09-22 15:40:45] ОТВЕТ:
[2025-09-22 15:40:45] {
[2025-09-22 15:40:45]   "operationId": "354209e0-9798-11f0-960f-5c628b9f129b",
[2025-09-22 15:40:45]   "operationData": {
[2025-09-22 15:40:45]     "txnAccount": 15097,
[2025-09-22 15:40:45]     "debitAccountCcy": "RUB",
[2025-09-22 15:40:45]     "recipientFirstName": "LU",
[2025-09-22 15:40:45]     "recipientLastName": "DZHANG",
[2025-09-22 15:40:45]     "recipientCountryCode": "KAZ",
[2025-09-22 15:40:45]     "recipientCountryName": {
[2025-09-22 15:40:45]       "ru": "КАЗАХСТАН",
[2025-09-22 15:40:45]       "kg": "КАЗАХСТАН",
[2025-09-22 15:40:45]       "default": "КАЗАХСТАН",
[2025-09-22 15:40:45]       "eng": "KAZAKHSTAN"
[2025-09-22 15:40:45]     },
[2025-09-22 15:40:45]     "txnCcy": "RUB",
[2025-09-22 15:40:45]     "txnAmount": "500",
[2025-09-22 15:40:45]     "commission": "100",
[2025-09-22 15:40:45]     "commissionLcy": "",
[2025-09-22 15:40:45]     "exchangeRate": "",
[2025-09-22 15:40:45]     "exchangeRateCcy": "",
[2025-09-22 15:40:45]     "txnAmountTotal": "600",
[2025-09-22 15:40:45]     "txnAmountTotalLcy": ""
[2025-09-22 15:40:45]   },
[2025-09-22 15:40:45]   "needsOtp": true
[2025-09-22 15:40:45] }
[2025-09-22 15:40:45] ========================================================================================================================

[2025-09-22 15:40:47] ================================================== НОВАЯ ОПЕРАЦИЯ ==================================================
[2025-09-22 15:40:47] Operation ID: 354209e0-9798-11f0-960f-5c628b9f129b
[2025-09-22 15:40:47] Статус: confirm
[2025-09-22 15:40:47] ЗАПРОС:
[2025-09-22 15:40:47] {
[2025-09-22 15:40:47]   "operationId": "354209e0-9798-11f0-960f-5c628b9f129b",
[2025-09-22 15:40:47]   "otp": "111111"
[2025-09-22 15:40:47] }
[2025-09-22 15:40:47] ОТВЕТ:
[2025-09-22 15:40:47] {
[2025-09-22 15:40:47]   "txnId": 3797942,
[2025-09-22 15:40:47]   "txnCode": "CURRENT_MONEY_TRANSFER_EXCN",
[2025-09-22 15:40:47]   "connector": "ASTRASEND_OUT"
[2025-09-22 15:40:47] }
[2025-09-22 15:40:47] ========================================================================================================================

